{"level":"info","message":"Server started successfully","nodeEnv":"development","port":3455,"time":"2025-05-29T05:17:58.397Z","timestamp":"2025-05-29T05:17:58.400Z"}
{"level":"info","message":"Server started successfully","nodeEnv":"development","port":3455,"time":"2025-05-29T05:18:25.751Z","timestamp":"2025-05-29T05:18:25.753Z"}
{"level":"info","message":"Server started successfully","nodeEnv":"development","port":3455,"time":"2025-05-29T05:18:27.207Z","timestamp":"2025-05-29T05:18:27.209Z"}
{"level":"info","message":"Server started successfully","nodeEnv":"development","port":3455,"time":"2025-05-29T05:18:48.873Z","timestamp":"2025-05-29T05:18:48.876Z"}
{"ip":"::ffff:127.0.0.1","level":"info","message":"Incoming request:","method":"GET","path":"/auth/me","query":{},"timestamp":"2025-05-29T05:19:06.245Z"}
{"ip":"::ffff:127.0.0.1","level":"info","message":"Incoming request:","method":"GET","path":"/auth/me","query":{},"timestamp":"2025-05-29T05:19:06.349Z"}
{"ip":"::ffff:127.0.0.1","level":"info","message":"Incoming request:","method":"GET","path":"/api/notes","query":{},"timestamp":"2025-05-29T05:19:06.406Z"}
{"cookies":{"session_id":"9a494636-12a0-4bba-b8ab-1545018d7275"},"headers":{"accept":"*/*","accept-encoding":"gzip, deflate, br, zstd","accept-language":"en-US,en;q=0.5","connection":"keep-alive","cookie":"session_id=9a494636-12a0-4bba-b8ab-1545018d7275","host":"localhost:3455","origin":"http://localhost:5173","priority":"u=4","referer":"http://localhost:5173/","sec-fetch-dest":"empty","sec-fetch-mode":"cors","sec-fetch-site":"same-site","user-agent":"Mozilla/5.0 (Macintosh; Intel Mac OS X 10.15; rv:138.0) Gecko/20100101 Firefox/138.0"},"level":"info","message":"findAllNotes request received","timestamp":"2025-05-29T05:19:06.425Z","user":{"email":"apple@gmail.com","firstName":"apple","lastName":"kumar","sessionId":"9a494636-12a0-4bba-b8ab-1545018d7275","session_id":5,"userId":1}}
{"level":"info","message":"User ID extraction","timestamp":"2025-05-29T05:19:06.427Z","type":"number","userId":1}
{"level":"info","message":"Attempting to fetch notes","timestamp":"2025-05-29T05:19:06.428Z","userId":1}
{"ip":"::ffff:127.0.0.1","level":"info","message":"Incoming request:","method":"GET","path":"/api/notes","query":{},"timestamp":"2025-05-29T05:19:06.431Z"}
{"level":"info","message":"Notes retrieved successfully","noteCount":1,"timestamp":"2025-05-29T05:19:06.453Z","userId":1}
{"cookies":{"session_id":"9a494636-12a0-4bba-b8ab-1545018d7275"},"headers":{"accept":"*/*","accept-encoding":"gzip, deflate, br, zstd","accept-language":"en-US,en;q=0.5","connection":"keep-alive","cookie":"session_id=9a494636-12a0-4bba-b8ab-1545018d7275","host":"localhost:3455","origin":"http://localhost:5173","priority":"u=4","referer":"http://localhost:5173/","sec-fetch-dest":"empty","sec-fetch-mode":"cors","sec-fetch-site":"same-site","user-agent":"Mozilla/5.0 (Macintosh; Intel Mac OS X 10.15; rv:138.0) Gecko/20100101 Firefox/138.0"},"level":"info","message":"findAllNotes request received","timestamp":"2025-05-29T05:19:06.478Z","user":{"email":"apple@gmail.com","firstName":"apple","lastName":"kumar","sessionId":"9a494636-12a0-4bba-b8ab-1545018d7275","session_id":5,"userId":1}}
{"level":"info","message":"User ID extraction","timestamp":"2025-05-29T05:19:06.478Z","type":"number","userId":1}
{"level":"info","message":"Attempting to fetch notes","timestamp":"2025-05-29T05:19:06.479Z","userId":1}
{"level":"info","message":"Notes retrieved successfully","noteCount":1,"timestamp":"2025-05-29T05:19:06.495Z","userId":1}
{"ip":"::ffff:127.0.0.1","level":"info","message":"Incoming request:","method":"POST","path":"/auth/logout","query":{},"timestamp":"2025-05-29T05:19:16.132Z"}
{"ip":"::ffff:127.0.0.1","level":"info","message":"Incoming request:","method":"GET","path":"/auth/me","query":{},"timestamp":"2025-05-29T05:19:16.163Z"}
{"ip":"::ffff:127.0.0.1","level":"info","message":"Incoming request:","method":"GET","path":"/auth/me","query":{},"timestamp":"2025-05-29T05:19:16.171Z"}
{"ip":"::ffff:127.0.0.1","level":"info","message":"Incoming request:","method":"POST","path":"/auth/login","query":{},"timestamp":"2025-05-29T05:19:23.713Z"}
{"ip":"::ffff:127.0.0.1","level":"info","message":"Incoming request:","method":"GET","path":"/auth/me","query":{},"timestamp":"2025-05-29T05:19:25.205Z"}
{"ip":"::ffff:127.0.0.1","level":"info","message":"Incoming request:","method":"GET","path":"/auth/me","query":{},"timestamp":"2025-05-29T05:19:25.211Z"}
{"ip":"::ffff:127.0.0.1","level":"info","message":"Incoming request:","method":"GET","path":"/api/notes","query":{},"timestamp":"2025-05-29T05:19:25.243Z"}
{"cookies":{"session_id":"32a02968-9e6a-4039-a80c-ebda99c69e85"},"headers":{"accept":"*/*","accept-encoding":"gzip, deflate, br, zstd","accept-language":"en-US,en;q=0.5","connection":"keep-alive","cookie":"session_id=32a02968-9e6a-4039-a80c-ebda99c69e85","host":"localhost:3455","if-none-match":"W/\"13a-yTCy+nD9dHERPCDKbK7aHQErJFY\"","origin":"http://localhost:5173","priority":"u=4","referer":"http://localhost:5173/","sec-fetch-dest":"empty","sec-fetch-mode":"cors","sec-fetch-site":"same-site","user-agent":"Mozilla/5.0 (Macintosh; Intel Mac OS X 10.15; rv:138.0) Gecko/20100101 Firefox/138.0"},"level":"info","message":"findAllNotes request received","timestamp":"2025-05-29T05:19:25.262Z","user":{"email":"apple@gmail.com","firstName":"apple","lastName":"kumar","sessionId":"32a02968-9e6a-4039-a80c-ebda99c69e85","session_id":6,"userId":1}}
{"level":"info","message":"User ID extraction","timestamp":"2025-05-29T05:19:25.262Z","type":"number","userId":1}
{"level":"info","message":"Attempting to fetch notes","timestamp":"2025-05-29T05:19:25.262Z","userId":1}
{"ip":"::ffff:127.0.0.1","level":"info","message":"Incoming request:","method":"GET","path":"/api/notes","query":{},"timestamp":"2025-05-29T05:19:25.264Z"}
{"level":"info","message":"Notes retrieved successfully","noteCount":1,"timestamp":"2025-05-29T05:19:25.278Z","userId":1}
{"cookies":{"session_id":"32a02968-9e6a-4039-a80c-ebda99c69e85"},"headers":{"accept":"*/*","accept-encoding":"gzip, deflate, br, zstd","accept-language":"en-US,en;q=0.5","connection":"keep-alive","cookie":"session_id=32a02968-9e6a-4039-a80c-ebda99c69e85","host":"localhost:3455","origin":"http://localhost:5173","priority":"u=4","referer":"http://localhost:5173/","sec-fetch-dest":"empty","sec-fetch-mode":"cors","sec-fetch-site":"same-site","user-agent":"Mozilla/5.0 (Macintosh; Intel Mac OS X 10.15; rv:138.0) Gecko/20100101 Firefox/138.0"},"level":"info","message":"findAllNotes request received","timestamp":"2025-05-29T05:19:25.290Z","user":{"email":"apple@gmail.com","firstName":"apple","lastName":"kumar","sessionId":"32a02968-9e6a-4039-a80c-ebda99c69e85","session_id":6,"userId":1}}
{"level":"info","message":"User ID extraction","timestamp":"2025-05-29T05:19:25.291Z","type":"number","userId":1}
{"level":"info","message":"Attempting to fetch notes","timestamp":"2025-05-29T05:19:25.291Z","userId":1}
{"level":"info","message":"Notes retrieved successfully","noteCount":1,"timestamp":"2025-05-29T05:19:25.307Z","userId":1}
{"error":"Unable to connect to database","level":"error","message":"Failed to start server:","stack":"Error: Unable to connect to database\n    at /home/sujal/Projects/node/notes/backend/database.js:77:31\n    at Handshake.onConnect (/home/sujal/Projects/node/notes/backend/node_modules/mysql/lib/Pool.js:58:9)\n    at Handshake.<anonymous> (/home/sujal/Projects/node/notes/backend/node_modules/mysql/lib/Connection.js:526:10)\n    at Handshake._callback (/home/sujal/Projects/node/notes/backend/node_modules/mysql/lib/Connection.js:488:16)\n    at Sequence.end (/home/sujal/Projects/node/notes/backend/node_modules/mysql/lib/protocol/sequences/Sequence.js:83:24)\n    at Handshake.ErrorPacket (/home/sujal/Projects/node/notes/backend/node_modules/mysql/lib/protocol/sequences/Handshake.js:125:8)\n    at Protocol._parsePacket (/home/sujal/Projects/node/notes/backend/node_modules/mysql/lib/protocol/Protocol.js:291:23)\n    at Parser._parsePacket (/home/sujal/Projects/node/notes/backend/node_modules/mysql/lib/protocol/Parser.js:433:10)\n    at Parser.write (/home/sujal/Projects/node/notes/backend/node_modules/mysql/lib/protocol/Parser.js:43:10)\n    at Protocol.write (/home/sujal/Projects/node/notes/backend/node_modules/mysql/lib/protocol/Protocol.js:38:16)","timestamp":"2025-05-29T06:59:22.368Z"}
{"level":"info","message":"Server started successfully","nodeEnv":"development","port":3455,"time":"2025-05-29T07:00:06.638Z","timestamp":"2025-05-29T07:00:06.640Z"}
{"ip":"::1","level":"info","message":"Incoming request:","method":"GET","path":"/auth/me","query":{},"timestamp":"2025-05-29T07:00:46.250Z"}
{"cookies":true,"ip":"::1","level":"warn","message":"Profile access attempt without session cookie","timestamp":"2025-05-29T07:00:46.256Z"}
{"ip":"::1","level":"info","message":"Incoming request:","method":"GET","path":"/auth/me","query":{},"timestamp":"2025-05-29T07:00:46.287Z"}
{"cookies":true,"ip":"::1","level":"warn","message":"Profile access attempt without session cookie","timestamp":"2025-05-29T07:00:46.291Z"}
{"ip":"::1","level":"info","message":"Incoming request:","method":"POST","path":"/auth/login","query":{},"timestamp":"2025-05-29T07:00:47.551Z"}
{"email":"test@gmail.com","ip":"::1","level":"info","message":"Login attempt","timestamp":"2025-05-29T07:00:47.555Z"}
{"email":"test@gmail.com","ip":"::1","level":"warn","message":"Login attempt with non-existent email","timestamp":"2025-05-29T07:00:47.583Z"}
{"ip":"::1","level":"info","message":"Incoming request:","method":"GET","path":"/auth/me","query":{},"timestamp":"2025-05-29T07:00:52.566Z"}
{"cookies":true,"ip":"::1","level":"warn","message":"Profile access attempt without session cookie","timestamp":"2025-05-29T07:00:52.569Z"}
{"ip":"::1","level":"info","message":"Incoming request:","method":"GET","path":"/auth/me","query":{},"timestamp":"2025-05-29T07:00:52.589Z"}
{"cookies":true,"ip":"::1","level":"warn","message":"Profile access attempt without session cookie","timestamp":"2025-05-29T07:00:52.590Z"}
{"ip":"::1","level":"info","message":"Incoming request:","method":"POST","path":"/auth/register","query":{},"timestamp":"2025-05-29T07:01:01.643Z"}
{"email":"test@gmail.com","ip":"::1","level":"info","message":"Registration attempt","timestamp":"2025-05-29T07:01:01.649Z"}
{"email":"test@gmail.com","ip":"::1","level":"warn","message":"Registration attempt with weak password","passwordLength":4,"timestamp":"2025-05-29T07:01:01.650Z"}
{"ip":"::1","level":"info","message":"Incoming request:","method":"POST","path":"/auth/register","query":{},"timestamp":"2025-05-29T07:01:11.477Z"}
{"email":"test@gmail.com","ip":"::1","level":"info","message":"Registration attempt","timestamp":"2025-05-29T07:01:11.478Z"}
{"email":"test@gmail.com","ip":"::1","level":"info","message":"Registration successful","timestamp":"2025-05-29T07:01:11.642Z"}
{"ip":"::1","level":"info","message":"Incoming request:","method":"GET","path":"/auth/me","query":{},"timestamp":"2025-05-29T07:01:13.087Z"}
{"cookies":true,"ip":"::1","level":"warn","message":"Profile access attempt without session cookie","timestamp":"2025-05-29T07:01:13.090Z"}
{"ip":"::1","level":"info","message":"Incoming request:","method":"GET","path":"/auth/me","query":{},"timestamp":"2025-05-29T07:01:13.102Z"}
{"cookies":true,"ip":"::1","level":"warn","message":"Profile access attempt without session cookie","timestamp":"2025-05-29T07:01:13.106Z"}
{"ip":"::1","level":"info","message":"Incoming request:","method":"POST","path":"/auth/login","query":{},"timestamp":"2025-05-29T07:01:17.286Z"}
{"email":"test@gmail.com","ip":"::1","level":"info","message":"Login attempt","timestamp":"2025-05-29T07:01:17.287Z"}
{"email":"test@gmail.com","ip":"::1","level":"info","message":"Login successful","timestamp":"2025-05-29T07:01:17.457Z","userId":1}
{"ip":"::1","level":"info","message":"Incoming request:","method":"GET","path":"/auth/me","query":{},"timestamp":"2025-05-29T07:01:18.464Z"}
{"ip":"::1","level":"info","message":"Profile retrieved successfully","timestamp":"2025-05-29T07:01:18.483Z"}
{"ip":"::1","level":"info","message":"Incoming request:","method":"GET","path":"/auth/me","query":{},"timestamp":"2025-05-29T07:01:18.500Z"}
{"ip":"::1","level":"info","message":"Profile retrieved successfully","timestamp":"2025-05-29T07:01:18.527Z"}
{"ip":"::1","level":"info","message":"Incoming request:","method":"GET","path":"/api/notes","query":{},"timestamp":"2025-05-29T07:01:18.534Z"}
{"cookies":{"session_id":"b14a6e29-3349-45a2-92e7-800870896dd9"},"headers":{"accept":"*/*","accept-encoding":"gzip, deflate, br, zstd","accept-language":"en-GB,en-US;q=0.9,en;q=0.8","connection":"keep-alive","cookie":"session_id=b14a6e29-3349-45a2-92e7-800870896dd9","host":"localhost:3455","if-none-match":"W/\"3e9-WZAUYbmYae1vvWOG6zCJKYbdnPs\"","origin":"http://localhost:5173","referer":"http://localhost:5173/","sec-ch-ua":"\"Chromium\";v=\"136\", \"Google Chrome\";v=\"136\", \"Not.A/Brand\";v=\"99\"","sec-ch-ua-mobile":"?0","sec-ch-ua-platform":"\"Linux\"","sec-fetch-dest":"empty","sec-fetch-mode":"cors","sec-fetch-site":"same-site","user-agent":"Mozilla/5.0 (X11; Linux x86_64) AppleWebKit/537.36 (KHTML, like Gecko) Chrome/136.0.0.0 Safari/537.36"},"level":"info","message":"findAllNotes request received","timestamp":"2025-05-29T07:01:18.548Z","user":{"email":"test@gmail.com","firstName":"test","lastName":"user","sessionId":"b14a6e29-3349-45a2-92e7-800870896dd9","session_id":1,"userId":1}}
{"level":"info","message":"User ID extraction","timestamp":"2025-05-29T07:01:18.549Z","type":"number","userId":1}
{"level":"info","message":"Attempting to fetch notes","timestamp":"2025-05-29T07:01:18.550Z","userId":1}
{"level":"info","message":"Notes retrieved successfully","noteCount":0,"timestamp":"2025-05-29T07:01:18.566Z","userId":1}
{"ip":"::1","level":"info","message":"Incoming request:","method":"GET","path":"/api/notes","query":{},"timestamp":"2025-05-29T07:01:18.581Z"}
{"cookies":{"session_id":"b14a6e29-3349-45a2-92e7-800870896dd9"},"headers":{"accept":"*/*","accept-encoding":"gzip, deflate, br, zstd","accept-language":"en-GB,en-US;q=0.9,en;q=0.8","connection":"keep-alive","cookie":"session_id=b14a6e29-3349-45a2-92e7-800870896dd9","host":"localhost:3455","if-none-match":"W/\"1a-s3B6blipWxCo2IriQlJeaz0uh7I\"","origin":"http://localhost:5173","referer":"http://localhost:5173/","sec-ch-ua":"\"Chromium\";v=\"136\", \"Google Chrome\";v=\"136\", \"Not.A/Brand\";v=\"99\"","sec-ch-ua-mobile":"?0","sec-ch-ua-platform":"\"Linux\"","sec-fetch-dest":"empty","sec-fetch-mode":"cors","sec-fetch-site":"same-site","user-agent":"Mozilla/5.0 (X11; Linux x86_64) AppleWebKit/537.36 (KHTML, like Gecko) Chrome/136.0.0.0 Safari/537.36"},"level":"info","message":"findAllNotes request received","timestamp":"2025-05-29T07:01:18.593Z","user":{"email":"test@gmail.com","firstName":"test","lastName":"user","sessionId":"b14a6e29-3349-45a2-92e7-800870896dd9","session_id":1,"userId":1}}
{"level":"info","message":"User ID extraction","timestamp":"2025-05-29T07:01:18.594Z","type":"number","userId":1}
{"level":"info","message":"Attempting to fetch notes","timestamp":"2025-05-29T07:01:18.594Z","userId":1}
{"level":"info","message":"Notes retrieved successfully","noteCount":0,"timestamp":"2025-05-29T07:01:18.619Z","userId":1}
{"ip":"::1","level":"info","message":"Incoming request:","method":"POST","path":"/api/note","query":{},"timestamp":"2025-05-29T07:01:22.857Z"}
{"ip":"::1","level":"info","message":"Incoming request:","method":"GET","path":"/api/notes","query":{},"timestamp":"2025-05-29T07:01:24.140Z"}
{"cookies":{"session_id":"b14a6e29-3349-45a2-92e7-800870896dd9"},"headers":{"accept":"*/*","accept-encoding":"gzip, deflate, br, zstd","accept-language":"en-GB,en-US;q=0.9,en;q=0.8","connection":"keep-alive","cookie":"session_id=b14a6e29-3349-45a2-92e7-800870896dd9","host":"localhost:3455","if-none-match":"W/\"1a-s3B6blipWxCo2IriQlJeaz0uh7I\"","origin":"http://localhost:5173","referer":"http://localhost:5173/","sec-ch-ua":"\"Chromium\";v=\"136\", \"Google Chrome\";v=\"136\", \"Not.A/Brand\";v=\"99\"","sec-ch-ua-mobile":"?0","sec-ch-ua-platform":"\"Linux\"","sec-fetch-dest":"empty","sec-fetch-mode":"cors","sec-fetch-site":"same-site","user-agent":"Mozilla/5.0 (X11; Linux x86_64) AppleWebKit/537.36 (KHTML, like Gecko) Chrome/136.0.0.0 Safari/537.36"},"level":"info","message":"findAllNotes request received","timestamp":"2025-05-29T07:01:24.155Z","user":{"email":"test@gmail.com","firstName":"test","lastName":"user","sessionId":"b14a6e29-3349-45a2-92e7-800870896dd9","session_id":1,"userId":1}}
{"level":"info","message":"User ID extraction","timestamp":"2025-05-29T07:01:24.157Z","type":"number","userId":1}
{"level":"info","message":"Attempting to fetch notes","timestamp":"2025-05-29T07:01:24.157Z","userId":1}
{"level":"info","message":"Notes retrieved successfully","noteCount":1,"timestamp":"2025-05-29T07:01:24.162Z","userId":1}
{"ip":"::1","level":"info","message":"Incoming request:","method":"GET","path":"/api/notes","query":{},"timestamp":"2025-05-29T07:01:24.169Z"}
{"cookies":{"session_id":"b14a6e29-3349-45a2-92e7-800870896dd9"},"headers":{"accept":"*/*","accept-encoding":"gzip, deflate, br, zstd","accept-language":"en-GB,en-US;q=0.9,en;q=0.8","connection":"keep-alive","cookie":"session_id=b14a6e29-3349-45a2-92e7-800870896dd9","host":"localhost:3455","if-none-match":"W/\"8c-wfCfzY59Nbfv0gCypDzYCMpjYtM\"","origin":"http://localhost:5173","referer":"http://localhost:5173/","sec-ch-ua":"\"Chromium\";v=\"136\", \"Google Chrome\";v=\"136\", \"Not.A/Brand\";v=\"99\"","sec-ch-ua-mobile":"?0","sec-ch-ua-platform":"\"Linux\"","sec-fetch-dest":"empty","sec-fetch-mode":"cors","sec-fetch-site":"same-site","user-agent":"Mozilla/5.0 (X11; Linux x86_64) AppleWebKit/537.36 (KHTML, like Gecko) Chrome/136.0.0.0 Safari/537.36"},"level":"info","message":"findAllNotes request received","timestamp":"2025-05-29T07:01:24.187Z","user":{"email":"test@gmail.com","firstName":"test","lastName":"user","sessionId":"b14a6e29-3349-45a2-92e7-800870896dd9","session_id":1,"userId":1}}
{"level":"info","message":"User ID extraction","timestamp":"2025-05-29T07:01:24.193Z","type":"number","userId":1}
{"level":"info","message":"Attempting to fetch notes","timestamp":"2025-05-29T07:01:24.194Z","userId":1}
{"level":"info","message":"Notes retrieved successfully","noteCount":1,"timestamp":"2025-05-29T07:01:24.215Z","userId":1}
{"ip":"::1","level":"info","message":"Incoming request:","method":"POST","path":"/auth/logout","query":{},"timestamp":"2025-05-29T07:17:03.555Z"}
{"ip":"::1","level":"info","message":"Logout attempt","sessionToken":true,"timestamp":"2025-05-29T07:17:03.565Z"}
{"ip":"::1","level":"info","message":"Logout successful","sessionToken":true,"timestamp":"2025-05-29T07:17:03.567Z"}
{"ip":"::1","level":"info","message":"Incoming request:","method":"GET","path":"/auth/me","query":{},"timestamp":"2025-05-29T07:17:03.610Z"}
{"cookies":true,"ip":"::1","level":"warn","message":"Profile access attempt without session cookie","timestamp":"2025-05-29T07:17:03.612Z"}
{"ip":"::1","level":"info","message":"Incoming request:","method":"GET","path":"/auth/me","query":{},"timestamp":"2025-05-29T07:17:03.620Z"}
{"cookies":true,"ip":"::1","level":"warn","message":"Profile access attempt without session cookie","timestamp":"2025-05-29T07:17:03.622Z"}
{"ip":"::1","level":"info","message":"Incoming request:","method":"POST","path":"/auth/login","query":{},"timestamp":"2025-05-29T07:17:04.804Z"}
{"email":"test@gmail.com","ip":"::1","level":"info","message":"Login attempt","timestamp":"2025-05-29T07:17:04.805Z"}
{"email":"test@gmail.com","ip":"::1","level":"info","message":"Login successful","timestamp":"2025-05-29T07:17:05.015Z","userId":1}
{"ip":"::1","level":"info","message":"Incoming request:","method":"GET","path":"/auth/me","query":{},"timestamp":"2025-05-29T07:17:59.054Z"}
{"ip":"::1","level":"info","message":"Incoming request:","method":"GET","path":"/auth/me","query":{},"timestamp":"2025-05-29T07:17:59.063Z"}
{"ip":"::1","level":"info","message":"Profile retrieved successfully","timestamp":"2025-05-29T07:17:59.088Z"}
{"ip":"::1","level":"info","message":"Profile retrieved successfully","timestamp":"2025-05-29T07:17:59.179Z"}
{"ip":"::1","level":"info","message":"Incoming request:","method":"GET","path":"/auth/me","query":{},"timestamp":"2025-05-29T07:17:59.220Z"}
{"ip":"::1","level":"info","message":"Profile retrieved successfully","timestamp":"2025-05-29T07:17:59.260Z"}
{"ip":"::1","level":"info","message":"Incoming request:","method":"GET","path":"/auth/me","query":{},"timestamp":"2025-05-29T07:17:59.278Z"}
{"ip":"::1","level":"info","message":"Profile retrieved successfully","timestamp":"2025-05-29T07:17:59.321Z"}
{"ip":"::1","level":"info","message":"Incoming request:","method":"GET","path":"/api/notes","query":{},"timestamp":"2025-05-29T07:17:59.334Z"}
{"cookies":{"session_id":"54ec0d94-7869-4424-9938-b5a44a17f12c"},"headers":{"accept":"*/*","accept-encoding":"gzip, deflate, br, zstd","accept-language":"en-GB,en-US;q=0.9,en;q=0.8","connection":"keep-alive","cookie":"session_id=54ec0d94-7869-4424-9938-b5a44a17f12c","host":"localhost:3455","if-none-match":"W/\"8c-wfCfzY59Nbfv0gCypDzYCMpjYtM\"","origin":"http://localhost:5173","referer":"http://localhost:5173/","sec-ch-ua":"\"Chromium\";v=\"136\", \"Google Chrome\";v=\"136\", \"Not.A/Brand\";v=\"99\"","sec-ch-ua-mobile":"?0","sec-ch-ua-platform":"\"Linux\"","sec-fetch-dest":"empty","sec-fetch-mode":"cors","sec-fetch-site":"same-site","user-agent":"Mozilla/5.0 (X11; Linux x86_64) AppleWebKit/537.36 (KHTML, like Gecko) Chrome/136.0.0.0 Safari/537.36"},"level":"info","message":"findAllNotes request received","timestamp":"2025-05-29T07:17:59.371Z","user":{"email":"test@gmail.com","firstName":"test","lastName":"user","sessionId":"54ec0d94-7869-4424-9938-b5a44a17f12c","session_id":2,"userId":1}}
{"level":"info","message":"User ID extraction","timestamp":"2025-05-29T07:17:59.373Z","type":"number","userId":1}
{"level":"info","message":"Attempting to fetch notes","timestamp":"2025-05-29T07:17:59.374Z","userId":1}
{"level":"info","message":"Notes retrieved successfully","noteCount":1,"timestamp":"2025-05-29T07:17:59.391Z","userId":1}
{"ip":"::1","level":"info","message":"Incoming request:","method":"GET","path":"/api/notes","query":{},"timestamp":"2025-05-29T07:17:59.404Z"}
{"cookies":{"session_id":"54ec0d94-7869-4424-9938-b5a44a17f12c"},"headers":{"accept":"*/*","accept-encoding":"gzip, deflate, br, zstd","accept-language":"en-GB,en-US;q=0.9,en;q=0.8","connection":"keep-alive","cookie":"session_id=54ec0d94-7869-4424-9938-b5a44a17f12c","host":"localhost:3455","if-none-match":"W/\"8c-wfCfzY59Nbfv0gCypDzYCMpjYtM\"","origin":"http://localhost:5173","referer":"http://localhost:5173/","sec-ch-ua":"\"Chromium\";v=\"136\", \"Google Chrome\";v=\"136\", \"Not.A/Brand\";v=\"99\"","sec-ch-ua-mobile":"?0","sec-ch-ua-platform":"\"Linux\"","sec-fetch-dest":"empty","sec-fetch-mode":"cors","sec-fetch-site":"same-site","user-agent":"Mozilla/5.0 (X11; Linux x86_64) AppleWebKit/537.36 (KHTML, like Gecko) Chrome/136.0.0.0 Safari/537.36"},"level":"info","message":"findAllNotes request received","timestamp":"2025-05-29T07:17:59.421Z","user":{"email":"test@gmail.com","firstName":"test","lastName":"user","sessionId":"54ec0d94-7869-4424-9938-b5a44a17f12c","session_id":2,"userId":1}}
{"level":"info","message":"User ID extraction","timestamp":"2025-05-29T07:17:59.433Z","type":"number","userId":1}
{"level":"info","message":"Attempting to fetch notes","timestamp":"2025-05-29T07:17:59.434Z","userId":1}
{"level":"info","message":"Notes retrieved successfully","noteCount":1,"timestamp":"2025-05-29T07:17:59.459Z","userId":1}
{"ip":"::1","level":"info","message":"Incoming request:","method":"POST","path":"/auth/logout","query":{},"timestamp":"2025-05-29T07:18:03.989Z"}
{"ip":"::1","level":"info","message":"Logout attempt","sessionToken":true,"timestamp":"2025-05-29T07:18:03.990Z"}
{"ip":"::1","level":"info","message":"Logout successful","sessionToken":true,"timestamp":"2025-05-29T07:18:03.990Z"}
{"ip":"::1","level":"info","message":"Incoming request:","method":"GET","path":"/auth/me","query":{},"timestamp":"2025-05-29T07:18:04.020Z"}
{"cookies":true,"ip":"::1","level":"warn","message":"Profile access attempt without session cookie","timestamp":"2025-05-29T07:18:04.021Z"}
{"ip":"::1","level":"info","message":"Incoming request:","method":"GET","path":"/auth/me","query":{},"timestamp":"2025-05-29T07:18:04.028Z"}
{"cookies":true,"ip":"::1","level":"warn","message":"Profile access attempt without session cookie","timestamp":"2025-05-29T07:18:04.034Z"}
{"ip":"::1","level":"info","message":"Incoming request:","method":"POST","path":"/auth/login","query":{},"timestamp":"2025-05-29T07:18:04.880Z"}
{"email":"test@gmail.com","ip":"::1","level":"info","message":"Login attempt","timestamp":"2025-05-29T07:18:04.882Z"}
{"email":"test@gmail.com","ip":"::1","level":"info","message":"Login successful","timestamp":"2025-05-29T07:18:05.030Z","userId":1}
{"ip":"::1","level":"info","message":"Incoming request:","method":"GET","path":"/auth/me","query":{},"timestamp":"2025-05-29T07:23:31.656Z"}
{"ip":"::1","level":"info","message":"Incoming request:","method":"GET","path":"/auth/me","query":{},"timestamp":"2025-05-29T07:23:31.664Z"}
{"ip":"::1","level":"info","message":"Profile retrieved successfully","timestamp":"2025-05-29T07:23:31.684Z"}
{"ip":"::1","level":"info","message":"Profile retrieved successfully","timestamp":"2025-05-29T07:23:31.696Z"}
{"ip":"::1","level":"info","message":"Incoming request:","method":"GET","path":"/auth/me","query":{},"timestamp":"2025-05-29T07:23:31.776Z"}
{"ip":"::1","level":"info","message":"Profile retrieved successfully","timestamp":"2025-05-29T07:23:31.799Z"}
{"ip":"::1","level":"info","message":"Incoming request:","method":"GET","path":"/auth/me","query":{},"timestamp":"2025-05-29T07:23:31.811Z"}
{"ip":"::1","level":"info","message":"Profile retrieved successfully","timestamp":"2025-05-29T07:23:31.842Z"}
{"ip":"::1","level":"info","message":"Incoming request:","method":"GET","path":"/api/notes","query":{},"timestamp":"2025-05-29T07:23:31.856Z"}
{"cookies":{"session_id":"686acabd-a1a6-4d1c-9606-d44de02c119e"},"headers":{"accept":"*/*","accept-encoding":"gzip, deflate, br, zstd","accept-language":"en-GB,en-US;q=0.9,en;q=0.8","connection":"keep-alive","cookie":"session_id=686acabd-a1a6-4d1c-9606-d44de02c119e","host":"localhost:3455","if-none-match":"W/\"8c-wfCfzY59Nbfv0gCypDzYCMpjYtM\"","origin":"http://localhost:5173","referer":"http://localhost:5173/","sec-ch-ua":"\"Chromium\";v=\"136\", \"Google Chrome\";v=\"136\", \"Not.A/Brand\";v=\"99\"","sec-ch-ua-mobile":"?0","sec-ch-ua-platform":"\"Linux\"","sec-fetch-dest":"empty","sec-fetch-mode":"cors","sec-fetch-site":"same-site","user-agent":"Mozilla/5.0 (X11; Linux x86_64) AppleWebKit/537.36 (KHTML, like Gecko) Chrome/136.0.0.0 Safari/537.36"},"level":"info","message":"findAllNotes request received","timestamp":"2025-05-29T07:23:31.866Z","user":{"email":"test@gmail.com","firstName":"test","lastName":"user","sessionId":"686acabd-a1a6-4d1c-9606-d44de02c119e","session_id":3,"userId":1}}
{"level":"info","message":"User ID extraction","timestamp":"2025-05-29T07:23:31.867Z","type":"number","userId":1}
{"level":"info","message":"Attempting to fetch notes","timestamp":"2025-05-29T07:23:31.867Z","userId":1}
{"level":"info","message":"Notes retrieved successfully","noteCount":1,"timestamp":"2025-05-29T07:23:31.876Z","userId":1}
{"ip":"::1","level":"info","message":"Incoming request:","method":"GET","path":"/api/notes","query":{},"timestamp":"2025-05-29T07:23:31.887Z"}
{"cookies":{"session_id":"686acabd-a1a6-4d1c-9606-d44de02c119e"},"headers":{"accept":"*/*","accept-encoding":"gzip, deflate, br, zstd","accept-language":"en-GB,en-US;q=0.9,en;q=0.8","connection":"keep-alive","cookie":"session_id=686acabd-a1a6-4d1c-9606-d44de02c119e","host":"localhost:3455","if-none-match":"W/\"8c-wfCfzY59Nbfv0gCypDzYCMpjYtM\"","origin":"http://localhost:5173","referer":"http://localhost:5173/","sec-ch-ua":"\"Chromium\";v=\"136\", \"Google Chrome\";v=\"136\", \"Not.A/Brand\";v=\"99\"","sec-ch-ua-mobile":"?0","sec-ch-ua-platform":"\"Linux\"","sec-fetch-dest":"empty","sec-fetch-mode":"cors","sec-fetch-site":"same-site","user-agent":"Mozilla/5.0 (X11; Linux x86_64) AppleWebKit/537.36 (KHTML, like Gecko) Chrome/136.0.0.0 Safari/537.36"},"level":"info","message":"findAllNotes request received","timestamp":"2025-05-29T07:23:31.895Z","user":{"email":"test@gmail.com","firstName":"test","lastName":"user","sessionId":"686acabd-a1a6-4d1c-9606-d44de02c119e","session_id":3,"userId":1}}
{"level":"info","message":"User ID extraction","timestamp":"2025-05-29T07:23:31.896Z","type":"number","userId":1}
{"level":"info","message":"Attempting to fetch notes","timestamp":"2025-05-29T07:23:31.896Z","userId":1}
{"level":"info","message":"Notes retrieved successfully","noteCount":1,"timestamp":"2025-05-29T07:23:31.922Z","userId":1}
{"ip":"::1","level":"info","message":"Incoming request:","method":"GET","path":"/auth/me","query":{},"timestamp":"2025-05-29T07:23:31.991Z"}
{"ip":"::1","level":"info","message":"Profile retrieved successfully","timestamp":"2025-05-29T07:23:32.010Z"}
{"ip":"::1","level":"info","message":"Incoming request:","method":"GET","path":"/auth/me","query":{},"timestamp":"2025-05-29T07:23:32.026Z"}
{"ip":"::1","level":"info","message":"Profile retrieved successfully","timestamp":"2025-05-29T07:23:32.055Z"}
{"ip":"::1","level":"info","message":"Incoming request:","method":"GET","path":"/auth/me","query":{},"timestamp":"2025-05-29T07:23:54.994Z"}
{"ip":"::1","level":"info","message":"Profile retrieved successfully","timestamp":"2025-05-29T07:23:55.018Z"}
{"ip":"::1","level":"info","message":"Incoming request:","method":"GET","path":"/auth/me","query":{},"timestamp":"2025-05-29T07:23:55.032Z"}
{"ip":"::1","level":"info","message":"Profile retrieved successfully","timestamp":"2025-05-29T07:23:55.055Z"}
{"ip":"::1","level":"info","message":"Incoming request:","method":"GET","path":"/api/notes","query":{},"timestamp":"2025-05-29T07:23:55.120Z"}
{"cookies":{"session_id":"686acabd-a1a6-4d1c-9606-d44de02c119e"},"headers":{"accept":"*/*","accept-encoding":"gzip, deflate, br, zstd","accept-language":"en-GB,en-US;q=0.9,en;q=0.8","connection":"keep-alive","cookie":"session_id=686acabd-a1a6-4d1c-9606-d44de02c119e","host":"localhost:3455","if-none-match":"W/\"8c-wfCfzY59Nbfv0gCypDzYCMpjYtM\"","origin":"http://localhost:5173","referer":"http://localhost:5173/","sec-ch-ua":"\"Chromium\";v=\"136\", \"Google Chrome\";v=\"136\", \"Not.A/Brand\";v=\"99\"","sec-ch-ua-mobile":"?0","sec-ch-ua-platform":"\"Linux\"","sec-fetch-dest":"empty","sec-fetch-mode":"cors","sec-fetch-site":"same-site","user-agent":"Mozilla/5.0 (X11; Linux x86_64) AppleWebKit/537.36 (KHTML, like Gecko) Chrome/136.0.0.0 Safari/537.36"},"level":"info","message":"findAllNotes request received","timestamp":"2025-05-29T07:23:55.132Z","user":{"email":"test@gmail.com","firstName":"test","lastName":"user","sessionId":"686acabd-a1a6-4d1c-9606-d44de02c119e","session_id":3,"userId":1}}
{"level":"info","message":"User ID extraction","timestamp":"2025-05-29T07:23:55.135Z","type":"number","userId":1}
{"level":"info","message":"Attempting to fetch notes","timestamp":"2025-05-29T07:23:55.136Z","userId":1}
{"level":"info","message":"Notes retrieved successfully","noteCount":1,"timestamp":"2025-05-29T07:23:55.162Z","userId":1}
{"ip":"::1","level":"info","message":"Incoming request:","method":"GET","path":"/api/notes","query":{},"timestamp":"2025-05-29T07:23:55.174Z"}
{"cookies":{"session_id":"686acabd-a1a6-4d1c-9606-d44de02c119e"},"headers":{"accept":"*/*","accept-encoding":"gzip, deflate, br, zstd","accept-language":"en-GB,en-US;q=0.9,en;q=0.8","connection":"keep-alive","cookie":"session_id=686acabd-a1a6-4d1c-9606-d44de02c119e","host":"localhost:3455","if-none-match":"W/\"8c-wfCfzY59Nbfv0gCypDzYCMpjYtM\"","origin":"http://localhost:5173","referer":"http://localhost:5173/","sec-ch-ua":"\"Chromium\";v=\"136\", \"Google Chrome\";v=\"136\", \"Not.A/Brand\";v=\"99\"","sec-ch-ua-mobile":"?0","sec-ch-ua-platform":"\"Linux\"","sec-fetch-dest":"empty","sec-fetch-mode":"cors","sec-fetch-site":"same-site","user-agent":"Mozilla/5.0 (X11; Linux x86_64) AppleWebKit/537.36 (KHTML, like Gecko) Chrome/136.0.0.0 Safari/537.36"},"level":"info","message":"findAllNotes request received","timestamp":"2025-05-29T07:23:55.198Z","user":{"email":"test@gmail.com","firstName":"test","lastName":"user","sessionId":"686acabd-a1a6-4d1c-9606-d44de02c119e","session_id":3,"userId":1}}
{"level":"info","message":"User ID extraction","timestamp":"2025-05-29T07:23:55.203Z","type":"number","userId":1}
{"level":"info","message":"Attempting to fetch notes","timestamp":"2025-05-29T07:23:55.204Z","userId":1}
{"level":"info","message":"Notes retrieved successfully","noteCount":1,"timestamp":"2025-05-29T07:23:55.243Z","userId":1}
{"ip":"::1","level":"info","message":"Incoming request:","method":"GET","path":"/auth/me","query":{},"timestamp":"2025-05-29T07:23:55.271Z"}
{"ip":"::1","level":"info","message":"Profile retrieved successfully","timestamp":"2025-05-29T07:23:55.301Z"}
{"ip":"::1","level":"info","message":"Incoming request:","method":"GET","path":"/auth/me","query":{},"timestamp":"2025-05-29T07:23:55.318Z"}
{"ip":"::1","level":"info","message":"Profile retrieved successfully","timestamp":"2025-05-29T07:23:55.344Z"}
{"ip":"::1","level":"info","message":"Incoming request:","method":"GET","path":"/auth/me","query":{},"timestamp":"2025-05-29T07:27:26.879Z"}
{"ip":"::1","level":"info","message":"Profile retrieved successfully","timestamp":"2025-05-29T07:27:26.906Z"}
